
=== MASKING OUT SENTENCES
؟،،،؟ من السهل عليه مواجهة كاميرات التلفزيون وعدسات المصورين وهو يصعد الباص .
وبالطبع لم يكن
  ['ليس' 25.2%]  ['كان' 18.4%]  ['سيكون' 16.1%]  ['وكان' 4.2%]  ['وسيكون' 3.3%]
وبالطبع ؟،،،؟ السهل عليه مواجهة كاميرات التلفزيون وعدسات المصورين وهو يصعد الباص .
لم يكن من
  ['من' 93.8%]  ['فمن' 4.9%]  ['ليس' 0.5%]  ['ومن' 0.2%]  ['سيكون' 0.1%]
وبالطبع لم ؟،،،؟ عليه مواجهة كاميرات التلفزيون وعدسات المصورين وهو يصعد الباص .
يكن من السهل
  ['يكن' 58.1%]  ['يسهل' 8.6%]  ['يجب' 3.9%]  ['يصعب' 3.1%]  ['يقع' 2.6%]
وبالطبع لم يكن ؟،،،؟ مواجهة كاميرات التلفزيون وعدسات المصورين وهو يصعد الباص .
من السهل عليه
  ['يستطيع' 43.3%]  ['في' 20.9%]  ['يمكنه' 5.7%]  ['عليه' 4.9%]  ['على' 2.8%]
وبالطبع لم يكن من ؟،،،؟ كاميرات التلفزيون وعدسات المصورين وهو يصعد الباص .
السهل عليه مواجهة
  ['يتابع' 13.8%]  ['رأى' 6.3%]  ['يشاهد' 4.2%]  ['يملك' 2.7%]  ['يعرف' 2.5%]
وبالطبع لم يكن من السهل ؟،،،؟ التلفزيون وعدسات المصورين وهو يصعد الباص .
عليه مواجهة كاميرات
  ['رؤية' 50.9%]  ['مشاهدة' 37.1%]  ['متابعة' 1.5%]  ['مراقبة' 1.2%]  ['تمييز' 0.7%]
وبالطبع لم يكن من السهل عليه ؟،،،؟ وعدسات المصورين وهو يصعد الباص .
مواجهة كاميرات التلفزيون
  ['رؤية' 24.8%]  ['التقاط' 11.3%]  ['رؤيته' 6.7%]  ['التصوير' 5.6%]  ['مراقبة' 2.8%]
وبالطبع لم يكن من السهل عليه مواجهة ؟،،،؟ المصورين وهو يصعد الباص .
كاميرات التلفزيون وعدسات
  ['أحد' 71.1%]  ['عدسات' 6.5%]  ['احد' 6.4%]  ['هؤلاء' 3.0%]  ['بعض' 2.8%]
وبالطبع لم يكن من السهل عليه مواجهة كاميرات ؟،،،؟ وهو يصعد الباص .
التلفزيون وعدسات المصورين
  ['المراقبة' 38.5%]  ['الشرطة' 10.1%]  ['الكاميرا' 6.4%]  ['التلفزيون' 4.3%]  ['التصوير' 3.9%]
وبالطبع لم يكن من السهل عليه مواجهة كاميرات التلفزيون ؟،،،؟ يصعد الباص .
وعدسات المصورين وهو
  ['وهو' 54.8%]  ['عندما' 13.6%]  ['حين' 6.2%]  ['حتى' 5.5%]  ['كي' 4.0%]
وبالطبع لم يكن من السهل عليه مواجهة كاميرات التلفزيون وعدسات ؟،،،؟ الباص .
المصورين وهو يصعد
  ['سائق' 43.7%]  ['ركاب' 18.7%]  ['محطة' 3.4%]  ['قائد' 2.3%]  ['سيارات' 1.9%]
وبالطبع لم يكن من السهل عليه مواجهة كاميرات التلفزيون وعدسات المصورين ؟،،،؟ .
وهو يصعد الباص
  ['.' 67.7%]  ['المحترفين' 5.7%]  ['الآخرين' 3.6%]  ['الأجانب' 3.2%]  ['الكبار' 1.6%]
وبالطبع لم يكن من السهل عليه مواجهة كاميرات التلفزيون وعدسات المصورين وهو ؟،،،؟
يصعد الباص .
  ['في' 4.6%]  ['يقول' 4.4%]  ['يحاول' 2.4%]  ['يبكي' 2.3%]  ['يبتسم' 2.1%]

=== CONDENSING
وبالطبع لم يكن من السهل عليه مواجهة كاميرات التلفزيون وعدسات المصورين وهو يصعد الباص .
كما لم يكن من السهل عليه رؤية شاشات التلفزيون أو التلفزيون وهو في المنزل .
0.5067641139030457
وبالطبع لم يكن من السهل عليه مواجهة كاميرات التلفزيون وعدسات المصورين وهو يصعد الباص!
0.5009081363677979
وبالطبع لم يكن من السهل عليه مواجهة كاميرات التلفزيون او المصورين وهو يصعد الباص!
0.5009081363677979
وبالطبع لم يكن من السهل عليه مواجهة كاميرات التلفزيون او المصورين وهو يصعد الباص!
0.5009081363677979
وبالطبع لم يكن من السهل عليه مواجهة كاميرات التلفزيون او المصورين وهو يصعد الباص!
0.5009081363677979
وبالطبع لم يكن من السهل عليه مواجهة كاميرات التلفزيون او المصورين وهو يصعد الباص!
0.5009081363677979
وبالطبع لم يكن من السهل عليه مواجهة كاميرات التلفزيون او المصورين وهو يصعد الباص!
0.5009081363677979
وبالطبع لم يكن من السهل عليه مواجهة كاميرات التلفزيون او المصورين وهو يصعد الباص!
0.5009081363677979
وبالطبع لم يكن من السهل عليه مواجهة كاميرات التلفزيون او المصورين وهو يصعد الباص!
0.5009081363677979
وبالطبع لم يكن من السهل عليه مواجهة كاميرات التلفزيون او المصورين وهو يصعد الباص!
0.5009081363677979
وبالطبع لم يكن من السهل عليه مواجهة كاميرات التلفزيون او المصورين وهو يصعد الباص!
0.5009081363677979
وبالطبع لم يكن من السهل عليه مواجهة كاميرات التلفزيون او المصورين وهو يصعد الباص!
0.5009081363677979
وبالطبع لم يكن من السهل عليه مواجهة كاميرات التلفزيون او المصورين وهو يصعد الباص!
0.5009081363677979
وبالطبع لم يكن من السهل عليه مواجهة كاميرات التلفزيون او المصورين وهو يصعد الباص!
0.5009081363677979
وبالطبع لم يكن من السهل عليه مواجهة كاميرات التلفزيون او المصورين وهو يصعد الباص!
0.5009081363677979
وبالطبع لم يكن من السهل عليه مواجهة كاميرات التلفزيون او المصورين وهو يصعد الباص!
0.5009081363677979
وبالطبع لم يكن من السهل عليه مواجهة كاميرات التلفزيون او المصورين وهو يصعد الباص!
0.5009081363677979
وبالطبع لم يكن من السهل عليه مواجهة كاميرات التلفزيون او المصورين وهو يصعد الباص!
0.5009081363677979
وبالطبع لم يكن من السهل عليه مواجهة كاميرات التلفزيون او المصورين وهو يصعد الباص!
0.5009081363677979
وبالطبع لم يكن من السهل عليه مواجهة كاميرات التلفزيون او المصورين وهو يصعد الباص!
0.5009081363677979
وبالطبع لم يكن من السهل عليه مواجهة كاميرات التلفزيون او المصورين وهو يصعد الباص!
0.5009081363677979
وبالطبع لم يكن من السهل عليه مواجهة كاميرات التلفزيون او المصورين وهو يصعد الباص!
0.5009081363677979
وبالطبع لم يكن من السهل عليه مواجهة كاميرات التلفزيون او المصورين وهو يصعد الباص!
0.5009081363677979
وبالطبع لم يكن من السهل عليه مواجهة كاميرات التلفزيون او المصورين وهو يصعد الباص!
0.5009081363677979
وبالطبع لم يكن من السهل عليه مواجهة كاميرات التلفزيون او المصورين وهو يصعد الباص!
0.5009081363677979
وبالطبع لم يكن من السهل عليه مواجهة كاميرات التلفزيون او المصورين وهو يصعد الباص!
0.5009081363677979
وبالطبع لم يكن من السهل عليه مواجهة كاميرات التلفزيون او المصورين وهو يصعد الباص!
0.5009081363677979
وبالطبع لم يكن من السهل عليه مواجهة كاميرات التلفزيون او المصورين وهو يصعد الباص!
0.5009081363677979
وبالطبع لم يكن من السهل عليه مواجهة كاميرات التلفزيون او المصورين وهو يصعد الباص!
0.5009081363677979
وبالطبع لم يكن من السهل عليه مواجهة كاميرات التلفزيون او المصورين وهو يصعد الباص!
0.5009081363677979
وبالطبع لم يكن من السهل عليه مواجهة كاميرات التلفزيون او المصورين وهو يصعد الباص!
0.5009081363677979
وبالطبع لم يكن من السهل عليه مواجهة كاميرات التلفزيون او المصورين وهو يصعد الباص!
0.5009081363677979
وبالطبع لم يكن من السهل عليه مواجهة كاميرات التلفزيون او المصورين وهو يصعد الباص!
0.5009081363677979
وبالطبع لم يكن من السهل عليه مواجهة كاميرات التلفزيون او المصورين وهو يصعد الباص!
0.5009081363677979
وبالطبع لم يكن من السهل عليه مواجهة كاميرات التلفزيون او المصورين وهو يصعد الباص!
0.5009081363677979
وبالطبع لم يكن من السهل عليه مواجهة كاميرات التلفزيون او المصورين وهو يصعد الباص!
0.5009081363677979
وبالطبع لم يكن من السهل عليه مواجهة كاميرات التلفزيون او المصورين وهو يصعد الباص!
0.5009081363677979
وبالطبع لم يكن من السهل عليه مواجهة كاميرات التلفزيون او المصورين وهو يصعد الباص!
0.5009081363677979
وبالطبع لم يكن من السهل عليه مواجهة كاميرات التلفزيون او المصورين وهو يصعد الباص!
0.5009081363677979
وبالطبع لم يكن من السهل عليه مواجهة كاميرات التلفزيون او المصورين وهو يصعد الباص!
0.5009081363677979
وبالطبع لم يكن من السهل عليه مواجهة كاميرات التلفزيون او المصورين وهو يصعد الباص!
0.5009081363677979
وبالطبع لم يكن من السهل عليه مواجهة كاميرات التلفزيون او المصورين وهو يصعد الباص!
0.5009081363677979
وبالطبع لم يكن من السهل عليه مواجهة كاميرات التلفزيون او المصورين وهو يصعد الباص!
0.5009081363677979
وبالطبع لم يكن من السهل عليه مواجهة كاميرات التلفزيون او المصورين وهو يصعد الباص!
0.5009081363677979
وبالطبع لم يكن من السهل عليه مواجهة كاميرات التلفزيون او المصورين وهو يصعد الباص!
0.5009081363677979
وبالطبع لم يكن من السهل عليه مواجهة كاميرات التلفزيون او المصورين وهو يصعد الباص!
0.5009081363677979
وبالطبع لم يكن من السهل عليه مواجهة كاميرات التلفزيون او المصورين وهو يصعد الباص!
0.5009081363677979
وبالطبع لم يكن من السهل عليه مواجهة كاميرات التلفزيون او المصورين وهو يصعد الباص!
0.5009081363677979
وبالطبع لم يكن من السهل عليه مواجهة كاميرات التلفزيون او المصورين وهو يصعد الباص!
0.5009081363677979
وبالطبع لم يكن من السهل عليه مواجهة كاميرات التلفزيون او المصورين وهو يصعد الباص!
0.5009081363677979
وبالطبع لم يكن من السهل عليه مواجهة كاميرات التلفزيون او المصورين وهو يصعد الباص!
0.5009081363677979
وبالطبع لم يكن من السهل عليه مواجهة كاميرات التلفزيون او المصورين وهو يصعد الباص!
0.5009081363677979
وبالطبع لم يكن من السهل عليه مواجهة كاميرات التلفزيون او المصورين وهو يصعد الباص!
0.5009081363677979
وبالطبع لم يكن من السهل عليه مواجهة كاميرات التلفزيون او المصورين وهو يصعد الباص!
0.5009081363677979
وبالطبع لم يكن من السهل عليه مواجهة كاميرات التلفزيون او المصورين وهو يصعد الباص!
0.5009081363677979
وبالطبع لم يكن من السهل عليه مواجهة كاميرات التلفزيون او المصورين وهو يصعد الباص!
0.5009081363677979
وبالطبع لم يكن من السهل عليه مواجهة كاميرات التلفزيون او المصورين وهو يصعد الباص!
0.5009081363677979
وبالطبع لم يكن من السهل عليه مواجهة كاميرات التلفزيون او المصورين وهو يصعد الباص!
0.5009081363677979
وبالطبع لم يكن من السهل عليه مواجهة كاميرات التلفزيون او المصورين وهو يصعد الباص!
0.5009081363677979
وبالطبع لم يكن من السهل عليه مواجهة كاميرات التلفزيون او المصورين وهو يصعد الباص!
0.5009081363677979
وبالطبع لم يكن من السهل عليه مواجهة كاميرات التلفزيون او المصورين وهو يصعد الباص!
0.5009081363677979
وبالطبع لم يكن من السهل عليه مواجهة كاميرات التلفزيون او المصورين وهو يصعد الباص!
0.5009081363677979
وبالطبع لم يكن من السهل عليه مواجهة كاميرات التلفزيون او المصورين وهو يصعد الباص!
0.5009081363677979
وبالطبع لم يكن من السهل عليه مواجهة كاميرات التلفزيون او المصورين وهو يصعد الباص!
0.5009081363677979
وبالطبع لم يكن من السهل عليه مواجهة كاميرات التلفزيون او المصورين وهو يصعد الباص!
0.5009081363677979
وبالطبع لم يكن من السهل عليه مواجهة كاميرات التلفزيون او المصورين وهو يصعد الباص!
0.5009081363677979
وبالطبع لم يكن من السهل عليه مواجهة كاميرات التلفزيون او المصورين وهو يصعد الباص!
0.5009081363677979
وبالطبع لم يكن من السهل عليه مواجهة كاميرات التلفزيون او المصورين وهو يصعد الباص!
0.5009081363677979
وبالطبع لم يكن من السهل عليه مواجهة كاميرات التلفزيون او المصورين وهو يصعد الباص!
0.5009081363677979
وبالطبع لم يكن من السهل عليه مواجهة كاميرات التلفزيون او المصورين وهو يصعد الباص!
0.5009081363677979
وبالطبع لم يكن من السهل عليه مواجهة كاميرات التلفزيون او المصورين وهو يصعد الباص!
0.5009081363677979
وبالطبع لم يكن من السهل عليه مواجهة كاميرات التلفزيون او المصورين وهو يصعد الباص!
0.5009081363677979
وبالطبع لم يكن من السهل عليه مواجهة كاميرات التلفزيون او المصورين وهو يصعد الباص!
0.5009081363677979
وبالطبع لم يكن من السهل عليه مواجهة كاميرات التلفزيون او المصورين وهو يصعد الباص!
0.5009081363677979
وبالطبع لم يكن من السهل عليه مواجهة كاميرات التلفزيون او المصورين وهو يصعد الباص!
0.5009081363677979
وبالطبع لم يكن من السهل عليه مواجهة كاميرات التلفزيون او المصورين وهو يصعد الباص!
0.5009081363677979
وبالطبع لم يكن من السهل عليه مواجهة كاميرات التلفزيون او المصورين وهو يصعد الباص!
0.5009081363677979
وبالطبع لم يكن من السهل عليه مواجهة كاميرات التلفزيون او المصورين وهو يصعد الباص!
0.5009081363677979
وبالطبع لم يكن من السهل عليه مواجهة كاميرات التلفزيون او المصورين وهو يصعد الباص!
0.5009081363677979
وبالطبع لم يكن من السهل عليه مواجهة كاميرات التلفزيون او المصورين وهو يصعد الباص!
0.5009081363677979
وبالطبع لم يكن من السهل عليه مواجهة كاميرات التلفزيون او المصورين وهو يصعد الباص!
0.5009081363677979
وبالطبع لم يكن من السهل عليه مواجهة كاميرات التلفزيون او المصورين وهو يصعد الباص!
0.5009081363677979
وبالطبع لم يكن من السهل عليه مواجهة كاميرات التلفزيون او المصورين وهو يصعد الباص!
0.5009081363677979
وبالطبع لم يكن من السهل عليه مواجهة كاميرات التلفزيون او المصورين وهو يصعد الباص!
0.5009081363677979
وبالطبع لم يكن من السهل عليه مواجهة كاميرات التلفزيون او المصورين وهو يصعد الباص!
0.5009081363677979
وبالطبع لم يكن من السهل عليه مواجهة كاميرات التلفزيون او المصورين وهو يصعد الباص!
0.5009081363677979
وبالطبع لم يكن من السهل عليه مواجهة كاميرات التلفزيون او المصورين وهو يصعد الباص!
0.5009081363677979
وبالطبع لم يكن من السهل عليه مواجهة كاميرات التلفزيون او المصورين وهو يصعد الباص!
0.5009081363677979
وبالطبع لم يكن من السهل عليه مواجهة كاميرات التلفزيون او المصورين وهو يصعد الباص!
0.5009081363677979
وبالطبع لم يكن من السهل عليه مواجهة كاميرات التلفزيون او المصورين وهو يصعد الباص!
0.5009081363677979
وبالطبع لم يكن من السهل عليه مواجهة كاميرات التلفزيون او المصورين وهو يصعد الباص!
0.5009081363677979
وبالطبع لم يكن من السهل عليه مواجهة كاميرات التلفزيون او المصورين وهو يصعد الباص!
0.5009081363677979
وبالطبع لم يكن من السهل عليه مواجهة كاميرات التلفزيون او المصورين وهو يصعد الباص!
0.5009081363677979
وبالطبع لم يكن من السهل عليه مواجهة كاميرات التلفزيون او المصورين وهو يصعد الباص!
0.5009081363677979
وبالطبع لم يكن من السهل عليه مواجهة كاميرات التلفزيون او المصورين وهو يصعد الباص!
0.5009081363677979
وبالطبع لم يكن من السهل عليه مواجهة كاميرات التلفزيون او المصورين وهو يصعد الباص!
0.5009081363677979
وبالطبع لم يكن من السهل عليه مواجهة كاميرات التلفزيون او المصورين وهو يصعد الباص!
0.5009081363677979
وبالطبع لم يكن من السهل عليه مواجهة كاميرات التلفزيون او المصورين وهو يصعد الباص!
0.5009081363677979
وبالطبع لم يكن من السهل عليه مواجهة كاميرات التلفزيون او المصورين وهو يصعد الباص!
0.5009081363677979
وبالطبع لم يكن من السهل عليه مواجهة كاميرات التلفزيون او المصورين وهو يصعد الباص!
0.5009081363677979
وبالطبع لم يكن من السهل عليه مواجهة كاميرات التلفزيون او المصورين وهو يصعد الباص!
0.5009081363677979
وبالطبع لم يكن من السهل عليه مواجهة كاميرات التلفزيون او المصورين وهو يصعد الباص!
0.5009081363677979
وبالطبع لم يكن من السهل عليه مواجهة كاميرات التلفزيون او المصورين وهو يصعد الباص!
0.5009081363677979
وبالطبع لم يكن من السهل عليه مواجهة كاميرات التلفزيون او المصورين وهو يصعد الباص!
0.5009081363677979
وبالطبع لم يكن من السهل عليه مواجهة كاميرات التلفزيون او المصورين وهو يصعد الباص!
0.5009081363677979
وبالطبع لم يكن من السهل عليه مواجهة كاميرات التلفزيون او المصورين وهو يصعد الباص!
0.5009081363677979
وبالطبع لم يكن من السهل عليه مواجهة كاميرات التلفزيون او المصورين وهو يصعد الباص!
0.5009081363677979
وبالطبع لم يكن من السهل عليه مواجهة كاميرات التلفزيون او المصورين وهو يصعد الباص!
0.5009081363677979
وبالطبع لم يكن من السهل عليه مواجهة كاميرات التلفزيون او المصورين وهو يصعد الباص!
0.5009081363677979
وبالطبع لم يكن من السهل عليه مواجهة كاميرات التلفزيون او المصورين وهو يصعد الباص!
0.5009081363677979
وبالطبع لم يكن من السهل عليه مواجهة كاميرات التلفزيون او المصورين وهو يصعد الباص!
0.5009081363677979
وبالطبع لم يكن من السهل عليه مواجهة كاميرات التلفزيون او المصورين وهو يصعد الباص!
0.5009081363677979
وبالطبع لم يكن من السهل عليه مواجهة كاميرات التلفزيون او المصورين وهو يصعد الباص!
0.5009081363677979
وبالطبع لم يكن من السهل عليه مواجهة كاميرات التلفزيون او المصورين وهو يصعد الباص!
0.5009081363677979
وبالطبع لم يكن من السهل عليه مواجهة كاميرات التلفزيون او المصورين وهو يصعد الباص!
0.5009081363677979
وبالطبع لم يكن من السهل عليه مواجهة كاميرات التلفزيون او المصورين وهو يصعد الباص!
0.5009081363677979
وبالطبع لم يكن من السهل عليه مواجهة كاميرات التلفزيون او المصورين وهو يصعد الباص!
0.5009081363677979
وبالطبع لم يكن من السهل عليه مواجهة كاميرات التلفزيون او المصورين وهو يصعد الباص!
0.5009081363677979
وبالطبع لم يكن من السهل عليه مواجهة كاميرات التلفزيون او المصورين وهو يصعد الباص!
0.5009081363677979
وبالطبع لم يكن من السهل عليه مواجهة كاميرات التلفزيون او المصورين وهو يصعد الباص!
0.5009081363677979
وبالطبع لم يكن من السهل عليه مواجهة كاميرات التلفزيون او المصورين وهو يصعد الباص!
0.5009081363677979
وبالطبع لم يكن من السهل عليه مواجهة كاميرات التلفزيون او المصورين وهو يصعد الباص!
0.5009081363677979
وبالطبع لم يكن من السهل عليه مواجهة كاميرات التلفزيون او المصورين وهو يصعد الباص!
0.5009081363677979
وبالطبع لم يكن من السهل عليه مواجهة كاميرات التلفزيون او المصورين وهو يصعد الباص!
0.5009081363677979
وبالطبع لم يكن من السهل عليه مواجهة كاميرات التلفزيون او المصورين وهو يصعد الباص!
0.5009081363677979
وبالطبع لم يكن من السهل عليه مواجهة كاميرات التلفزيون او المصورين وهو يصعد الباص!
0.5009081363677979
وبالطبع لم يكن من السهل عليه مواجهة كاميرات التلفزيون او المصورين وهو يصعد الباص!
0.5009081363677979
وبالطبع لم يكن من السهل عليه مواجهة كاميرات التلفزيون او المصورين وهو يصعد الباص!
0.5009081363677979
وبالطبع لم يكن من السهل عليه مواجهة كاميرات التلفزيون او المصورين وهو يصعد الباص!
0.5009081363677979
وبالطبع لم يكن من السهل عليه مواجهة كاميرات التلفزيون او المصورين وهو يصعد الباص!
0.5009081363677979
وبالطبع لم يكن من السهل عليه مواجهة كاميرات التلفزيون او المصورين وهو يصعد الباص!
0.5009081363677979
وبالطبع لم يكن من السهل عليه مواجهة كاميرات التلفزيون او المصورين وهو يصعد الباص!
0.5009081363677979
وبالطبع لم يكن من السهل عليه مواجهة كاميرات التلفزيون او المصورين وهو يصعد الباص!
0.5009081363677979
وبالطبع لم يكن من السهل عليه مواجهة كاميرات التلفزيون او المصورين وهو يصعد الباص!
0.5009081363677979
وبالطبع لم يكن من السهل عليه مواجهة كاميرات التلفزيون او المصورين وهو يصعد الباص!
0.5009081363677979
وبالطبع لم يكن من السهل عليه مواجهة كاميرات التلفزيون او المصورين وهو يصعد الباص!
0.5009081363677979
وبالطبع لم يكن من السهل عليه مواجهة كاميرات التلفزيون او المصورين وهو يصعد الباص!
0.5009081363677979
وبالطبع لم يكن من السهل عليه مواجهة كاميرات التلفزيون او المصورين وهو يصعد الباص!
0.5009081363677979
وبالطبع لم يكن من السهل عليه مواجهة كاميرات التلفزيون او المصورين وهو يصعد الباص!
0.5009081363677979
وبالطبع لم يكن من السهل عليه مواجهة كاميرات التلفزيون او المصورين وهو يصعد الباص!
0.5009081363677979
وبالطبع لم يكن من السهل عليه مواجهة كاميرات التلفزيون او المصورين وهو يصعد الباص!
0.5009081363677979
وبالطبع لم يكن من السهل عليه مواجهة كاميرات التلفزيون او المصورين وهو يصعد الباص!
0.5009081363677979
وبالطبع لم يكن من السهل عليه مواجهة كاميرات التلفزيون او المصورين وهو يصعد الباص!
0.5009081363677979
وبالطبع لم يكن من السهل عليه مواجهة كاميرات التلفزيون او المصورين وهو يصعد الباص!
0.5009081363677979
وبالطبع لم يكن من السهل عليه مواجهة كاميرات التلفزيون او المصورين وهو يصعد الباص!
0.5009081363677979
وبالطبع لم يكن من السهل عليه مواجهة كاميرات التلفزيون او المصورين وهو يصعد الباص!
0.5009081363677979
وبالطبع لم يكن من السهل عليه مواجهة كاميرات التلفزيون او المصورين وهو يصعد الباص!
0.5009081363677979
وبالطبع لم يكن من السهل عليه مواجهة كاميرات التلفزيون او المصورين وهو يصعد الباص!
0.5009081363677979
وبالطبع لم يكن من السهل عليه مواجهة كاميرات التلفزيون او المصورين وهو يصعد الباص!
0.5009081363677979
وبالطبع لم يكن من السهل عليه مواجهة كاميرات التلفزيون او المصورين وهو يصعد الباص!
0.5009081363677979
وبالطبع لم يكن من السهل عليه مواجهة كاميرات التلفزيون او المصورين وهو يصعد الباص!
0.5009081363677979
وبالطبع لم يكن من السهل عليه مواجهة كاميرات التلفزيون او المصورين وهو يصعد الباص!
0.5009081363677979
وبالطبع لم يكن من السهل عليه مواجهة كاميرات التلفزيون او المصورين وهو يصعد الباص!
0.5009081363677979
وبالطبع لم يكن من السهل عليه مواجهة كاميرات التلفزيون او المصورين وهو يصعد الباص!
0.5009081363677979
وبالطبع لم يكن من السهل عليه مواجهة كاميرات التلفزيون او المصورين وهو يصعد الباص!
0.5009081363677979
وبالطبع لم يكن من السهل عليه مواجهة كاميرات التلفزيون او المصورين وهو يصعد الباص!
0.5009081363677979
وبالطبع لم يكن من السهل عليه مواجهة كاميرات التلفزيون او المصورين وهو يصعد الباص!
0.5009081363677979
وبالطبع لم يكن من السهل عليه مواجهة كاميرات التلفزيون او المصورين وهو يصعد الباص!
0.5009081363677979
وبالطبع لم يكن من السهل عليه مواجهة كاميرات التلفزيون او المصورين وهو يصعد الباص!
0.5009081363677979
وبالطبع لم يكن من السهل عليه مواجهة كاميرات التلفزيون او المصورين وهو يصعد الباص!
0.5009081363677979
وبالطبع لم يكن من السهل عليه مواجهة كاميرات التلفزيون او المصورين وهو يصعد الباص!
0.5009081363677979
وبالطبع لم يكن من السهل عليه مواجهة كاميرات التلفزيون او المصورين وهو يصعد الباص!
0.5009081363677979
وبالطبع لم يكن من السهل عليه مواجهة كاميرات التلفزيون او المصورين وهو يصعد الباص!
0.5009081363677979
وبالطبع لم يكن من السهل عليه مواجهة كاميرات التلفزيون او المصورين وهو يصعد الباص!
0.5009081363677979
وبالطبع لم يكن من السهل عليه مواجهة كاميرات التلفزيون او المصورين وهو يصعد الباص!
0.5009081363677979
وبالطبع لم يكن من السهل عليه مواجهة كاميرات التلفزيون او المصورين وهو يصعد الباص!
0.5009081363677979
وبالطبع لم يكن من السهل عليه مواجهة كاميرات التلفزيون او المصورين وهو يصعد الباص!
0.5009081363677979
وبالطبع لم يكن من السهل عليه مواجهة كاميرات التلفزيون او المصورين وهو يصعد الباص!
0.5009081363677979
وبالطبع لم يكن من السهل عليه مواجهة كاميرات التلفزيون او المصورين وهو يصعد الباص!
0.5009081363677979
وبالطبع لم يكن من السهل عليه مواجهة كاميرات التلفزيون او المصورين وهو يصعد الباص!
0.5009081363677979
وبالطبع لم يكن من السهل عليه مواجهة كاميرات التلفزيون او المصورين وهو يصعد الباص!
0.5009081363677979
وبالطبع لم يكن من السهل عليه مواجهة كاميرات التلفزيون او المصورين وهو يصعد الباص!
0.5009081363677979
وبالطبع لم يكن من السهل عليه مواجهة كاميرات التلفزيون او المصورين وهو يصعد الباص!
0.5009081363677979
وبالطبع لم يكن من السهل عليه مواجهة كاميرات التلفزيون او المصورين وهو يصعد الباص!
0.5009081363677979
وبالطبع لم يكن من السهل عليه مواجهة كاميرات التلفزيون او المصورين وهو يصعد الباص!
0.5009081363677979
وبالطبع لم يكن من السهل عليه مواجهة كاميرات التلفزيون او المصورين وهو يصعد الباص!
0.5009081363677979
وبالطبع لم يكن من السهل عليه مواجهة كاميرات التلفزيون او المصورين وهو يصعد الباص!
0.5009081363677979
وبالطبع لم يكن من السهل عليه مواجهة كاميرات التلفزيون او المصورين وهو يصعد الباص!
0.5009081363677979
وبالطبع لم يكن من السهل عليه مواجهة كاميرات التلفزيون او المصورين وهو يصعد الباص!
0.5009081363677979
وبالطبع لم يكن من السهل عليه مواجهة كاميرات التلفزيون او المصورين وهو يصعد الباص!
0.5009081363677979
وبالطبع لم يكن من السهل عليه مواجهة كاميرات التلفزيون او المصورين وهو يصعد الباص!
0.5009081363677979
وبالطبع لم يكن من السهل عليه مواجهة كاميرات التلفزيون او المصورين وهو يصعد الباص!
0.5009081363677979
وبالطبع لم يكن من السهل عليه مواجهة كاميرات التلفزيون او المصورين وهو يصعد الباص!
0.5009081363677979
وبالطبع لم يكن من السهل عليه مواجهة كاميرات التلفزيون او المصورين وهو يصعد الباص!
0.5009081363677979
وبالطبع لم يكن من السهل عليه مواجهة كاميرات التلفزيون او المصورين وهو يصعد الباص!
0.5009081363677979
وبالطبع لم يكن من السهل عليه مواجهة كاميرات التلفزيون او المصورين وهو يصعد الباص!
0.5009081363677979
وبالطبع لم يكن من السهل عليه مواجهة كاميرات التلفزيون او المصورين وهو يصعد الباص!
0.5009081363677979
وبالطبع لم يكن من السهل عليه مواجهة كاميرات التلفزيون او المصورين وهو يصعد الباص!
0.5009081363677979
وبالطبع لم يكن من السهل عليه مواجهة كاميرات التلفزيون او المصورين وهو يصعد الباص!
0.5009081363677979
وبالطبع لم يكن من السهل عليه مواجهة كاميرات التلفزيون او المصورين وهو يصعد الباص!
0.5009081363677979
وبالطبع لم يكن من السهل عليه مواجهة كاميرات التلفزيون او المصورين وهو يصعد الباص!
0.5009081363677979
وبالطبع لم يكن من السهل عليه مواجهة كاميرات التلفزيون او المصورين وهو يصعد الباص!
0.5009081363677979
وبالطبع لم يكن من السهل عليه مواجهة كاميرات التلفزيون او المصورين وهو يصعد الباص!
0.5009081363677979
وبالطبع لم يكن من السهل عليه مواجهة كاميرات التلفزيون او المصورين وهو يصعد الباص!
0.5009081363677979
وبالطبع لم يكن من السهل عليه مواجهة كاميرات التلفزيون او المصورين وهو يصعد الباص!
0.5009081363677979
وبالطبع لم يكن من السهل عليه مواجهة كاميرات التلفزيون او المصورين وهو يصعد الباص!
0.5009081363677979
وبالطبع لم يكن من السهل عليه مواجهة كاميرات التلفزيون او المصورين وهو يصعد الباص!
0.5009081363677979
وبالطبع لم يكن من السهل عليه مواجهة كاميرات التلفزيون او المصورين وهو يصعد الباص!
0.5009081363677979
وبالطبع لم يكن من السهل عليه مواجهة كاميرات التلفزيون او المصورين وهو يصعد الباص!
0.5009081363677979
وبالطبع لم يكن من السهل عليه مواجهة كاميرات التلفزيون او المصورين وهو يصعد الباص!
0.5009081363677979
وبالطبع لم يكن من السهل عليه مواجهة كاميرات التلفزيون او المصورين وهو يصعد الباص!
0.5009081363677979
وبالطبع لم يكن من السهل عليه مواجهة كاميرات التلفزيون او المصورين وهو يصعد الباص!
0.5009081363677979
وبالطبع لم يكن من السهل عليه مواجهة كاميرات التلفزيون او المصورين وهو يصعد الباص!
0.5009081363677979
وبالطبع لم يكن من السهل عليه مواجهة كاميرات التلفزيون او المصورين وهو يصعد الباص!
0.5009081363677979
وبالطبع لم يكن من السهل عليه مواجهة كاميرات التلفزيون او المصورين وهو يصعد الباص!
0.5009081363677979
وبالطبع لم يكن من السهل عليه مواجهة كاميرات التلفزيون او المصورين وهو يصعد الباص!
0.5009081363677979
وبالطبع لم يكن من السهل عليه مواجهة كاميرات التلفزيون او المصورين وهو يصعد الباص!
0.5009081363677979
وبالطبع لم يكن من السهل عليه مواجهة كاميرات التلفزيون او المصورين وهو يصعد الباص!
0.5009081363677979
وبالطبع لم يكن من السهل عليه مواجهة كاميرات التلفزيون او المصورين وهو يصعد الباص!
0.5009081363677979
وبالطبع لم يكن من السهل عليه مواجهة كاميرات التلفزيون او المصورين وهو يصعد الباص!
0.5009081363677979
وبالطبع لم يكن من السهل عليه مواجهة كاميرات التلفزيون او المصورين وهو يصعد الباص!
0.5009081363677979
وبالطبع لم يكن من السهل عليه مواجهة كاميرات التلفزيون او المصورين وهو يصعد الباص!
