
=== READING CORPUS
1,986 full sentences in corpus.

=== PARSING TREE
Found 7,572 phrases of length (2, 3).

=== MASKING OUT SENTENCES
لونغ بيتش ( الولايات المتحدة ) 15-7 ( اف ب ) - ؟،،،،،؟ تغير في حياة المتشرد ستيفن كنت عندما عثرت عليه شقيقته بعد عناء طويل لتبلغه بانه ورث 300 الف دولار وبانه بات قادرا على وضع حد لعشرين سنة من حياة التشرد في شوارع مدينة لونغ بيتش في ولاية كاليفورنيا .
كل شيء ->   ['حدث' 57.0%]  ['حصل' 32.3%]  ['وقع' 2.0%]  ['-' 1.4%]  ['بدأ' 1.2%]
كل شيء
NOUN NOUN

لونغ بيتش ( الولايات المتحدة ) 15-7 ( اف ب ) - كل شيء تغير في حياة المتشرد ؟،،،،،؟ عندما عثرت عليه شقيقته بعد عناء طويل لتبلغه بانه ورث 300 الف دولار وبانه بات قادرا على وضع حد لعشرين سنة من حياة التشرد في شوارع مدينة لونغ بيتش في ولاية كاليفورنيا .
ستيفن كنت ->   ['الاميركي' 42.9%]  ['،' 11.5%]  ['مات' 1.9%]  ['وذلك' 1.5%]  ['حتى' 1.2%]
ستيفن كنت
PROPN PROPN

لونغ بيتش ( الولايات المتحدة ) 15-7 ( اف ب ) - كل شيء تغير في حياة المتشرد ستيفن كنت عندما عثرت ؟،،،،،؟ شقيقته بعد عناء طويل لتبلغه بانه ورث 300 الف دولار وبانه بات قادرا على وضع حد لعشرين سنة من حياة التشرد في شوارع مدينة لونغ بيتش في ولاية كاليفورنيا .
علي ه ->   ['عليه' 98.9%]  ['##ه' 0.2%]  ['عليها' 0.2%]  ['على' 0.1%]  ['عنه' 0.1%]
عليه
ADP+PRON

لونغ بيتش ( الولايات المتحدة ) 15-7 ( اف ب ) - كل شيء تغير في حياة المتشرد ستيفن كنت عندما عثرت عليه ؟،،،،،؟ بعد عناء طويل لتبلغه بانه ورث 300 الف دولار وبانه بات قادرا على وضع حد لعشرين سنة من حياة التشرد في شوارع مدينة لونغ بيتش في ولاية كاليفورنيا .
شقيقت ه ->   ['الشرطة' 97.2%]  ['السلطات' 0.8%]  ['عائلته' 0.5%]  ['زوجته' 0.2%]  ['امه' 0.2%]
شقيقته
NOUN+PRON

لونغ بيتش ( الولايات المتحدة ) 15-7 ( اف ب ) - كل شيء تغير في حياة المتشرد ستيفن كنت عندما عثرت عليه شقيقته بعد ؟،،،،،؟ لتبلغه بانه ورث 300 الف دولار وبانه بات قادرا على وضع حد لعشرين سنة من حياة التشرد في شوارع مدينة لونغ بيتش في ولاية كاليفورنيا .
عناء طويل ->   ['وفاته' 23.5%]  ['يومين' 5.9%]  ['الحادث' 5.2%]  ['اسبوع' 4.8%]  ['سنوات' 4.6%]
عناء طويل
NOUN ADJ

لونغ بيتش ( الولايات المتحدة ) 15-7 ( اف ب ) - كل شيء تغير في حياة المتشرد ستيفن كنت عندما عثرت عليه شقيقته بعد عناء طويل لتبلغه بانه ورث ؟،،،،،؟ دولار وبانه بات قادرا على وضع حد لعشرين سنة من حياة التشرد في شوارع مدينة لونغ بيتش في ولاية كاليفورنيا .
300 الف ->   ['مليون' 50.5%]  ['مليار' 10.5%]  ['100' 3.4%]  ['المليون' 2.9%]  ['200' 2.7%]
300 الف
NUM NUM

لونغ بيتش ( الولايات المتحدة ) 15-7 ( اف ب ) - كل شيء تغير في حياة المتشرد ستيفن كنت عندما عثرت عليه شقيقته بعد عناء طويل لتبلغه بانه ورث 300 الف دولار وبانه بات قادرا على وضع حد لعشرين سنة من حياة التشرد في شوارع مدينة ؟،،،،،؟ في ولاية كاليفورنيا .
لونغ بيتش ->   ['نيويورك' 23.8%]  ['جاكسون' 9.5%]  ['صغيرة' 5.3%]  ['واشنطن' 3.9%]  ['كاليفورنيا' 3.1%]
لونغ بيتش
PROPN PROPN

وغادر كنت ( 45 عاما ) ؟،،،،،؟ المدينة متوجها الى ولاية اوهايو ( شمال شرق ) بعد ان استقل احد باصات شركة غريهاوند الشهيرة التي تجوب كل الولايات الاميركية .
مساء الاربعاء ->   ['هذه' 26.9%]  ['مطار' 21.1%]  ['وسط' 8.0%]  ['امس' 6.7%]  ['،' 3.7%]
مساء الاربعاء
NOUN NOUN

وغادر كنت ( 45 عاما ) مساء الاربعاء المدينة متوجها الى ولاية اوهايو ( شمال شرق ) بعد ان استقل احد باصات ؟،،،،،؟ الشهيرة التي تجوب كل الولايات الاميركية .
شركة غريهاوند ->   ['النقل' 20.6%]  ['الشركة' 9.7%]  ['الشحن' 6.9%]  ['السباق' 6.5%]  ['##ه' 4.3%]
شركة غريهاوند
NOUN PROPN

وغادر كنت ( 45 عاما ) مساء الاربعاء المدينة متوجها الى ولاية اوهايو ( شمال شرق ) بعد ان استقل احد باصات شركة غريهاوند الشهيرة التي تجوب كل ؟،،،،،؟ .
الولايات الاميركية ->   ['الولايات' 66.8%]  ['البلاد' 5.4%]  ['الولاية' 4.5%]  ['المدن' 2.9%]  ['ولاية' 1.8%]
الولايات الاميركية
NOUN ADJ

